Compiled jquery.js  (3ms)  (pid 6245)
Compiled jquery_ujs.js  (0ms)  (pid 6245)
Compiled galleria-1.2.9.min.js  (1ms)  (pid 6245)
Compiled galleria.classic.min.js  (0ms)  (pid 6245)
Compiled erabats.js  (676ms)  (pid 6245)
Compiled rrabats.js  (234ms)  (pid 6245)
Compiled vrabats.js  (235ms)  (pid 6245)
Compiled application.js  (1239ms)  (pid 6245)
Compiled 960_12_col.css  (182ms)  (pid 6245)
Compiled erabats.css  (1ms)  (pid 6245)
Compiled galleria.classic.css  (71ms)  (pid 6245)
Compiled rrabats.css  (2ms)  (pid 6245)
Compiled scaffolds.css  (18ms)  (pid 6245)
Compiled vrabats.css  (1ms)  (pid 6245)
Compiled application.css  (319ms)  (pid 6245)
Compiled jquery.js  (4ms)  (pid 6245)
Compiled jquery_ujs.js  (0ms)  (pid 6245)
Compiled galleria-1.2.9.min.js  (32ms)  (pid 6245)
Compiled galleria.classic.min.js  (0ms)  (pid 6245)
Compiled erabats.js  (284ms)  (pid 6245)
Compiled rrabats.js  (232ms)  (pid 6245)
Compiled vrabats.js  (232ms)  (pid 6245)
Compiled application.js  (840ms)  (pid 6245)
Compiled 960_12_col.css  (90ms)  (pid 6245)
Compiled erabats.css  (1ms)  (pid 6245)
Compiled galleria.classic.css  (71ms)  (pid 6245)
Compiled rrabats.css  (1ms)  (pid 6245)
Compiled scaffolds.css  (18ms)  (pid 6245)
Compiled vrabats.css  (1ms)  (pid 6245)
Compiled application.css  (261ms)  (pid 6245)
Compiled jquery.js  (10ms)  (pid 5355)
Compiled jquery_ujs.js  (1ms)  (pid 5355)
Compiled galleria-1.2.9.min.js  (2ms)  (pid 5355)
Compiled galleria.classic.min.js  (0ms)  (pid 5355)
Compiled erabats.js  (246ms)  (pid 5355)
Compiled rrabats.js  (231ms)  (pid 5355)
Compiled vrabats.js  (232ms)  (pid 5355)
Compiled application.js  (830ms)  (pid 5355)
Compiled 960_12_col.css  (84ms)  (pid 5355)
Compiled erabats.css  (1ms)  (pid 5355)
Compiled galleria.classic.css  (67ms)  (pid 5355)
Compiled rrabats.css  (1ms)  (pid 5355)
Compiled scaffolds.css  (16ms)  (pid 5355)
Compiled vrabats.css  (1ms)  (pid 5355)
Compiled application.css  (197ms)  (pid 5355)
Compiled jquery.js  (10ms)  (pid 5355)
Compiled jquery_ujs.js  (0ms)  (pid 5355)
Compiled galleria-1.2.9.min.js  (2ms)  (pid 5355)
Compiled galleria.classic.min.js  (0ms)  (pid 5355)
Compiled erabats.js  (249ms)  (pid 5355)
Compiled rrabats.js  (233ms)  (pid 5355)
Compiled vrabats.js  (234ms)  (pid 5355)
Compiled application.js  (818ms)  (pid 5355)
Compiled 960_12_col.css  (85ms)  (pid 5355)
Compiled erabats.css  (1ms)  (pid 5355)
Compiled galleria.classic.css  (66ms)  (pid 5355)
Compiled rrabats.css  (1ms)  (pid 5355)
Compiled scaffolds.css  (17ms)  (pid 5355)
Compiled vrabats.css  (1ms)  (pid 5355)
Compiled application.css  (198ms)  (pid 5355)
Compiled jquery.js  (6ms)  (pid 6398)
Compiled jquery_ujs.js  (0ms)  (pid 6398)
Compiled galleria-1.2.9.min.js  (1ms)  (pid 6398)
Compiled galleria.classic.min.js  (0ms)  (pid 6398)
Compiled erabats.js  (376ms)  (pid 6398)
Compiled rrabats.js  (230ms)  (pid 6398)
Compiled vrabats.js  (229ms)  (pid 6398)
Compiled application.js  (1475ms)  (pid 6398)
Compiled 960_12_col.css  (197ms)  (pid 6398)
Compiled erabats.css  (1ms)  (pid 6398)
Compiled galleria.classic.css  (70ms)  (pid 6398)
Compiled rrabats.css  (1ms)  (pid 6398)
Compiled scaffolds.css  (18ms)  (pid 6398)
Compiled vrabats.css  (1ms)  (pid 6398)
Compiled application.css  (369ms)  (pid 6398)
Compiled jquery.js  (4ms)  (pid 6398)
Compiled jquery_ujs.js  (0ms)  (pid 6398)
Compiled galleria-1.2.9.min.js  (1ms)  (pid 6398)
Compiled galleria.classic.min.js  (0ms)  (pid 6398)
Compiled erabats.js  (284ms)  (pid 6398)
Compiled rrabats.js  (231ms)  (pid 6398)
Compiled vrabats.js  (232ms)  (pid 6398)
Compiled application.js  (838ms)  (pid 6398)
Compiled 960_12_col.css  (89ms)  (pid 6398)
Compiled erabats.css  (1ms)  (pid 6398)
Compiled galleria.classic.css  (69ms)  (pid 6398)
Compiled rrabats.css  (1ms)  (pid 6398)
Compiled scaffolds.css  (18ms)  (pid 6398)
Compiled vrabats.css  (1ms)  (pid 6398)
Compiled application.css  (220ms)  (pid 6398)
